[ 2016-03-06T15:06:24+08:00 ] ::1 /time_count/
INFO: [ app_init ] --START--
INFO: Run Behavior\BuildLiteBehavior [ RunTime:0.000044s ]
INFO: [ app_init ] --END-- [ RunTime:0.046207s ]
INFO: [ app_begin ] --START--
INFO: Run Behavior\ReadHtmlCacheBehavior [ RunTime:0.063929s ]
INFO: [ app_begin ] --END-- [ RunTime:0.064395s ]
ERR: 无法加载控制器:Index

[ 2016-03-06T15:06:52+08:00 ] ::1 /time_count/
INFO: [ app_init ] --START--
INFO: Run Behavior\BuildLiteBehavior [ RunTime:0.000068s ]
INFO: [ app_init ] --END-- [ RunTime:0.002099s ]
INFO: [ app_begin ] --START--
INFO: Run Behavior\ReadHtmlCacheBehavior [ RunTime:0.006554s ]
INFO: [ app_begin ] --END-- [ RunTime:0.006842s ]
ERR: 模板不存在:./Application/Home/View/Index/index.html

[ 2016-03-06T15:11:14+08:00 ] ::1 /time_count/
INFO: [ app_init ] --START--
INFO: Run Behavior\BuildLiteBehavior [ RunTime:0.000048s ]
INFO: [ app_init ] --END-- [ RunTime:0.011760s ]
INFO: [ app_begin ] --START--
INFO: Run Behavior\ReadHtmlCacheBehavior [ RunTime:0.004451s ]
INFO: [ app_begin ] --END-- [ RunTime:0.004989s ]
INFO: [ view_parse ] --START--
INFO: [ template_filter ] --START--
INFO: Run Behavior\ContentReplaceBehavior [ RunTime:0.000103s ]
INFO: [ template_filter ] --END-- [ RunTime:0.000353s ]
INFO: Run Behavior\ParseTemplateBehavior [ RunTime:0.439393s ]
INFO: [ view_parse ] --END-- [ RunTime:0.439647s ]
INFO: [ view_filter ] --START--
INFO: Run Behavior\WriteHtmlCacheBehavior [ RunTime:0.062104s ]
INFO: [ view_filter ] --END-- [ RunTime:0.062468s ]
INFO: [ app_end ] --START--
INFO: Run Behavior\ShowPageTraceBehavior [ RunTime:0.058461s ]
INFO: [ app_end ] --END-- [ RunTime:0.058742s ]

